[debug] [2026-04-19T07:04:19.754Z] ----------------------------------------------------------------------
[debug] [2026-04-19T07:04:19.756Z] Command:       C:\Program Files\nodejs\node.exe C:\Users\ketak\AppData\Roaming\npm\node_modules\firebase-tools\lib\bin\firebase.js use --add
[debug] [2026-04-19T07:04:19.757Z] CLI Version:   13.33.0
[debug] [2026-04-19T07:04:19.757Z] Platform:      win32
[debug] [2026-04-19T07:04:19.757Z] Node Version:  v22.13.1
[debug] [2026-04-19T07:04:19.757Z] Time:          Sun Apr 19 2026 12:34:19 GMT+0530 (India Standard Time)
[debug] [2026-04-19T07:04:19.757Z] ----------------------------------------------------------------------
[debug] 
[debug] [2026-04-19T07:04:19.940Z] > command requires scopes: ["email","openid","https://www.googleapis.com/auth/cloudplatformprojects.readonly","https://www.googleapis.com/auth/firebase","https://www.googleapis.com/auth/cloud-platform"]
[debug] [2026-04-19T07:04:19.941Z] > authorizing via signed-in user (sohamparanjape1204@gmail.com)
[debug] [2026-04-19T07:04:19.942Z] Checked if tokens are valid: false, expires at: 1741349735311
[debug] [2026-04-19T07:04:19.943Z] Checked if tokens are valid: false, expires at: 1741349735311
[debug] [2026-04-19T07:04:19.943Z] > refreshing access token with scopes: []
[debug] [2026-04-19T07:04:19.944Z] >>> [apiv2][query] POST https://www.googleapis.com/oauth2/v3/token [none]
[debug] [2026-04-19T07:04:19.944Z] >>> [apiv2][body] POST https://www.googleapis.com/oauth2/v3/token [omitted]
[debug] [2026-04-19T07:04:20.249Z] <<< [apiv2][status] POST https://www.googleapis.com/oauth2/v3/token 400
[debug] [2026-04-19T07:04:20.249Z] <<< [apiv2][body] POST https://www.googleapis.com/oauth2/v3/token [omitted]
[debug] [2026-04-19T07:04:20.250Z] >>> [apiv2][query] GET https://firebase.googleapis.com/v1beta1/projects pageSize=1000
[debug] [2026-04-19T07:04:20.910Z] <<< [apiv2][status] GET https://firebase.googleapis.com/v1beta1/projects 401
[debug] [2026-04-19T07:04:20.910Z] <<< [apiv2][body] GET https://firebase.googleapis.com/v1beta1/projects [omitted]
[debug] [2026-04-19T07:04:20.910Z] Got a 401 Unauthenticated error for a call that required authentication. Refreshing tokens.
[debug] [2026-04-19T07:04:20.910Z] Checked if tokens are valid: false, expires at: 1741349735311
[debug] [2026-04-19T07:04:20.910Z] Checked if tokens are valid: false, expires at: 1741349735311
[debug] [2026-04-19T07:04:20.910Z] > refreshing access token with scopes: []
[debug] [2026-04-19T07:04:20.910Z] >>> [apiv2][query] POST https://www.googleapis.com/oauth2/v3/token [none]
[debug] [2026-04-19T07:04:20.910Z] >>> [apiv2][body] POST https://www.googleapis.com/oauth2/v3/token [omitted]
[debug] [2026-04-19T07:04:21.050Z] <<< [apiv2][status] POST https://www.googleapis.com/oauth2/v3/token 400
[debug] [2026-04-19T07:04:21.050Z] <<< [apiv2][body] POST https://www.googleapis.com/oauth2/v3/token [omitted]
[debug] [2026-04-19T07:04:21.050Z] Request to https://firebase.googleapis.com/v1beta1/projects?pageSize=1000 had HTTP Error: 401, Request had invalid authentication credentials. Expected OAuth 2 access token, login cookie or other valid authentication credential. See https://developers.google.com/identity/sign-in/web/devconsole-project.
[debug] [2026-04-19T07:04:21.052Z] FirebaseError: Request to https://firebase.googleapis.com/v1beta1/projects?pageSize=1000 had HTTP Error: 401, Request had invalid authentication credentials. Expected OAuth 2 access token, login cookie or other valid authentication credential. See https://developers.google.com/identity/sign-in/web/devconsole-project.
    at responseToError (C:\Users\ketak\AppData\Roaming\npm\node_modules\firebase-tools\lib\responseToError.js:52:12)
    at RetryOperation._fn (C:\Users\ketak\AppData\Roaming\npm\node_modules\firebase-tools\lib\apiv2.js:312:77)
    at process.processTicksAndRejections (node:internal/process/task_queues:105:5)
[error] 
[error] Error: Failed to list Firebase projects. See firebase-debug.log for more info.
[debug] [2026-04-19T07:28:11.494Z] ----------------------------------------------------------------------
[debug] [2026-04-19T07:28:11.497Z] Command:       C:\Program Files\nodejs\node.exe C:\Users\ketak\AppData\Roaming\npm\node_modules\firebase-tools\lib\bin\firebase.js use --add
[debug] [2026-04-19T07:28:11.498Z] CLI Version:   13.33.0
[debug] [2026-04-19T07:28:11.498Z] Platform:      win32
[debug] [2026-04-19T07:28:11.498Z] Node Version:  v22.13.1
[debug] [2026-04-19T07:28:11.498Z] Time:          Sun Apr 19 2026 12:58:11 GMT+0530 (India Standard Time)
[debug] [2026-04-19T07:28:11.498Z] ----------------------------------------------------------------------
[debug] 
[debug] [2026-04-19T07:28:11.739Z] > command requires scopes: ["email","openid","https://www.googleapis.com/auth/cloudplatformprojects.readonly","https://www.googleapis.com/auth/firebase","https://www.googleapis.com/auth/cloud-platform"]
[debug] [2026-04-19T07:28:11.740Z] > authorizing via signed-in user (sohamparanjape1204@gmail.com)
[debug] [2026-04-19T07:28:11.741Z] Checked if tokens are valid: false, expires at: 1741349735311
[debug] [2026-04-19T07:28:11.742Z] Checked if tokens are valid: false, expires at: 1741349735311
[debug] [2026-04-19T07:28:11.742Z] > refreshing access token with scopes: []
[debug] [2026-04-19T07:28:11.743Z] >>> [apiv2][query] POST https://www.googleapis.com/oauth2/v3/token [none]
[debug] [2026-04-19T07:28:11.744Z] >>> [apiv2][body] POST https://www.googleapis.com/oauth2/v3/token [omitted]
[debug] [2026-04-19T07:28:12.291Z] <<< [apiv2][status] POST https://www.googleapis.com/oauth2/v3/token 400
[debug] [2026-04-19T07:28:12.291Z] <<< [apiv2][body] POST https://www.googleapis.com/oauth2/v3/token [omitted]
[debug] [2026-04-19T07:28:12.292Z] >>> [apiv2][query] GET https://firebase.googleapis.com/v1beta1/projects pageSize=1000
[debug] [2026-04-19T07:28:12.769Z] <<< [apiv2][status] GET https://firebase.googleapis.com/v1beta1/projects 401
[debug] [2026-04-19T07:28:12.769Z] <<< [apiv2][body] GET https://firebase.googleapis.com/v1beta1/projects [omitted]
[debug] [2026-04-19T07:28:12.769Z] Got a 401 Unauthenticated error for a call that required authentication. Refreshing tokens.
[debug] [2026-04-19T07:28:12.769Z] Checked if tokens are valid: false, expires at: 1741349735311
[debug] [2026-04-19T07:28:12.769Z] Checked if tokens are valid: false, expires at: 1741349735311
[debug] [2026-04-19T07:28:12.769Z] > refreshing access token with scopes: []
[debug] [2026-04-19T07:28:12.769Z] >>> [apiv2][query] POST https://www.googleapis.com/oauth2/v3/token [none]
[debug] [2026-04-19T07:28:12.770Z] >>> [apiv2][body] POST https://www.googleapis.com/oauth2/v3/token [omitted]
[debug] [2026-04-19T07:28:12.951Z] <<< [apiv2][status] POST https://www.googleapis.com/oauth2/v3/token 400
[debug] [2026-04-19T07:28:12.951Z] <<< [apiv2][body] POST https://www.googleapis.com/oauth2/v3/token [omitted]
[debug] [2026-04-19T07:28:12.952Z] Request to https://firebase.googleapis.com/v1beta1/projects?pageSize=1000 had HTTP Error: 401, Request had invalid authentication credentials. Expected OAuth 2 access token, login cookie or other valid authentication credential. See https://developers.google.com/identity/sign-in/web/devconsole-project.
[debug] [2026-04-19T07:28:12.953Z] FirebaseError: Request to https://firebase.googleapis.com/v1beta1/projects?pageSize=1000 had HTTP Error: 401, Request had invalid authentication credentials. Expected OAuth 2 access token, login cookie or other valid authentication credential. See https://developers.google.com/identity/sign-in/web/devconsole-project.
    at responseToError (C:\Users\ketak\AppData\Roaming\npm\node_modules\firebase-tools\lib\responseToError.js:52:12)
    at RetryOperation._fn (C:\Users\ketak\AppData\Roaming\npm\node_modules\firebase-tools\lib\apiv2.js:312:77)
    at process.processTicksAndRejections (node:internal/process/task_queues:105:5)
[error] 
[error] Error: Failed to list Firebase projects. See firebase-debug.log for more info.
